
--- REQUEST AT /api/route-analysis/ ---
Body: {"source":"Hyderabad","destination":"Vijayawada","via":""}
------------------------------

--- REQUEST AT /api/route-analysis/ ---
Body: {"source":"Hyderabad","destination":"Vijayawada","via":""}
------------------------------

--- REQUEST AT /api/route-analysis/ ---
Body: {"source":"Hyderabad","destination":"Vijayawada","via":""}
------------------------------

--- REQUEST AT /api/route-analysis/ ---
Body: {"source":"Bangalore","destination":"Chennai","via":""}
------------------------------

--- REQUEST AT /api/route-analysis/ ---
Body: {"source":"Bangalore","destination":"Chennai","via":""}
------------------------------

--- REQUEST AT /api/route-analysis/ ---
Body: {"source":"Bangalore","destination":"Chennai","via":""}
------------------------------

--- REQUEST AT /api/route-analysis/ ---
Body: {"source":"Bangalore","destination":"Chennai","via":""}
------------------------------

--- REQUEST AT /api/route-analysis/ ---
Body: {"source":"Bangalore","destination":"Chennai","via":""}
------------------------------
--- RESPONSE FOR /api/route-analysis/ ---
Status: 200
------------------------------

--- REQUEST AT /api/route-analysis/ ---
Body: {"source":"Bangalore","destination":"Chennai","via":""}
------------------------------
--- RESPONSE FOR /api/route-analysis/ ---
Status: 500
Content: {"status":"error","message":"Unable to fetch route analysis at the moment (invalid response format)"}
------------------------------
--- RESPONSE FOR /api/route-analysis/ ---
Status: 500
Content: {"status":"error","message":"Unable to fetch route analysis at the moment (invalid response format)"}
------------------------------

--- REQUEST AT /api/route-analysis/ ---
Body: {"source":"Chennai","destination":"Coimbatore","via":""}
------------------------------

--- REQUEST AT /api/route-analysis/ ---
Body: {"source":"Chennai","destination":"Coimbatore","via":""}
------------------------------
--- RESPONSE FOR /api/route-analysis/ ---
Status: 500
Content: {"status":"error","message":"Internal server error: Invalid format specifier ' \"string\", \"total_distance\": int, \"estimated_time\": float ' for object of type 'str'"}
------------------------------
--- RESPONSE FOR /api/route-analysis/ ---
Status: 500
Content: {"status":"error","message":"Internal server error: Invalid format specifier ' \"string\", \"total_distance\": int, \"estimated_time\": float ' for object of type 'str'"}
------------------------------

--- REQUEST AT /api/route-analysis/ ---
Body: {"source":"Chennai","destination":"Coimbatore","via":""}
------------------------------
--- RESPONSE FOR /api/route-analysis/ ---
Status: 500
Content: {"status":"error","message":"Internal server error: Invalid format specifier ' \"string\", \"total_distance\": int, \"estimated_time\": float ' for object of type 'str'"}
------------------------------

--- REQUEST AT /api/route-analysis/ ---
Body: {"source":"Bangalore","destination":"Chennai","via":""}
------------------------------

--- REQUEST AT /api/route-analysis/ ---
Body: {"source":"Bangalore","destination":"Chennai","via":""}
------------------------------
--- RESPONSE FOR /api/route-analysis/ ---
Status: 200
------------------------------

--- REQUEST AT /api/route-analysis/ ---
Body: {"source":"Bangalore","destination":"Chennai","via":""}
------------------------------
--- RESPONSE FOR /api/route-analysis/ ---
Status: 200
------------------------------
--- RESPONSE FOR /api/route-analysis/ ---
Status: 200
------------------------------

--- REQUEST AT /api/route-analysis/ ---
Body: {"source":"Bangalore","destination":"Chennai","via":""}
------------------------------

--- REQUEST AT /api/route-analysis/ ---
Body: {"source":"Bangalore","destination":"Chennai","via":""}
------------------------------
--- RESPONSE FOR /api/route-analysis/ ---
Status: 200
------------------------------
--- RESPONSE FOR /api/route-analysis/ ---
Status: 200
------------------------------

--- REQUEST AT /api/route-analysis/ ---
Body: {"source":"Bangalore","destination":"Chennai","via":""}
------------------------------

--- REQUEST AT /api/route-analysis/ ---
Body: {"source":"Bangalore","destination":"Chennai","via":""}
------------------------------
--- RESPONSE FOR /api/route-analysis/ ---
Status: 200
------------------------------

--- REQUEST AT /api/route-analysis/ ---
Body: {"source":"Bangalore","destination":"Chennai","via":""}
------------------------------
--- RESPONSE FOR /api/route-analysis/ ---
Status: 200
------------------------------
--- RESPONSE FOR /api/route-analysis/ ---
Status: 200
------------------------------

--- REQUEST AT /api/route-analysis/ ---
Body: {"source":"Bangalore","destination":"Chennai","via":""}
------------------------------

--- REQUEST AT /api/route-analysis/ ---
Body: {"source":"Bangalore","destination":"Chennai","via":""}
------------------------------
--- RESPONSE FOR /api/route-analysis/ ---
Status: 200
------------------------------

--- REQUEST AT /api/route-analysis/ ---
Body: {"source":"Bangalore","destination":"Chennai","via":""}
------------------------------
--- RESPONSE FOR /api/route-analysis/ ---
Status: 200
------------------------------
--- RESPONSE FOR /api/route-analysis/ ---
Status: 200
------------------------------

--- REQUEST AT /api/route-analysis/ ---
Body: {"source":"Chennai","destination":"Coimbatore","via":""}
------------------------------

--- REQUEST AT /api/route-analysis/ ---
Body: {"source":"Chennai","destination":"Coimbatore","via":""}
------------------------------
--- RESPONSE FOR /api/route-analysis/ ---
Status: 200
------------------------------

--- REQUEST AT /api/route-analysis/ ---
Body: {"source":"Chennai","destination":"Coimbatore","via":""}
------------------------------
--- RESPONSE FOR /api/route-analysis/ ---
Status: 200
------------------------------
--- RESPONSE FOR /api/route-analysis/ ---
Status: 200
------------------------------

--- REQUEST AT /api/route-analysis/ ---
Body: {"source":"Bangalore","destination":"Chennai","via":""}
------------------------------

--- REQUEST AT /api/route-analysis/ ---
Body: {"source":"Bangalore","destination":"Chennai","via":""}
------------------------------
--- RESPONSE FOR /api/route-analysis/ ---
Status: 200
------------------------------

--- REQUEST AT /api/route-analysis/ ---
Body: {"source":"Bangalore","destination":"Chennai","via":""}
------------------------------
--- RESPONSE FOR /api/route-analysis/ ---
Status: 200
------------------------------
--- RESPONSE FOR /api/route-analysis/ ---
Status: 200
------------------------------

--- REQUEST AT /api/route-analysis/ ---
Body: {"source":"Bangalore","destination":"Chennai","via":""}
------------------------------

--- REQUEST AT /api/route-analysis/ ---
Body: {"source":"Bangalore","destination":"Chennai","via":""}
------------------------------
--- RESPONSE FOR /api/route-analysis/ ---
Status: 200
------------------------------

--- REQUEST AT /api/route-analysis/ ---
Body: {"source":"Bangalore","destination":"Chennai","via":""}
------------------------------
--- RESPONSE FOR /api/route-analysis/ ---
Status: 200
------------------------------
--- RESPONSE FOR /api/route-analysis/ ---
Status: 200
------------------------------
<<<<<<< HEAD
=======

--- REQUEST AT /api/route-analysis/ ---
Body: {"source":"Bangalore","destination":"Chennai","via":""}
------------------------------

--- REQUEST AT /api/route-analysis/ ---
Body: {"source":"Bangalore","destination":"Chennai","via":""}
------------------------------
--- RESPONSE FOR /api/route-analysis/ ---
Status: 200
------------------------------

--- REQUEST AT /api/route-analysis/ ---
Body: {"source":"Bangalore","destination":"Chennai","via":""}
------------------------------
--- RESPONSE FOR /api/route-analysis/ ---
Status: 200
------------------------------
--- RESPONSE FOR /api/route-analysis/ ---
Status: 200
------------------------------

--- REQUEST AT /api/route-analysis/ ---
Body: {"source":"Bangalore","destination":"Chennai","via":""}
------------------------------

--- REQUEST AT /api/route-analysis/ ---
Body: {"source":"Bangalore","destination":"Chennai","via":""}
------------------------------
--- RESPONSE FOR /api/route-analysis/ ---
Status: 200
------------------------------

--- REQUEST AT /api/route-analysis/ ---
Body: {"source":"Bangalore","destination":"Chennai","via":""}
------------------------------
--- RESPONSE FOR /api/route-analysis/ ---
Status: 200
------------------------------
--- RESPONSE FOR /api/route-analysis/ ---
Status: 200
------------------------------

--- REQUEST AT /api/route-analysis/ ---
Body: {"source":"Chennai","destination":"Coimbatore","via":""}
------------------------------

--- REQUEST AT /api/route-analysis/ ---
Body: {"source":"Chennai","destination":"Coimbatore","via":""}
------------------------------
--- RESPONSE FOR /api/route-analysis/ ---
Status: 200
------------------------------

--- REQUEST AT /api/route-analysis/ ---
Body: {"source":"Chennai","destination":"Coimbatore","via":""}
------------------------------
--- RESPONSE FOR /api/route-analysis/ ---
Status: 200
------------------------------
--- RESPONSE FOR /api/route-analysis/ ---
Status: 200
------------------------------

--- REQUEST AT /api/route-analysis/ ---
Body: {"source":"Bangalore","destination":"Chennai","via":""}
------------------------------

--- REQUEST AT /api/route-analysis/ ---
Body: {"source":"Bangalore","destination":"Chennai","via":""}
------------------------------
--- RESPONSE FOR /api/route-analysis/ ---
Status: 200
------------------------------

--- REQUEST AT /api/route-analysis/ ---
Body: {"source":"Bangalore","destination":"Chennai","via":""}
------------------------------
--- RESPONSE FOR /api/route-analysis/ ---
Status: 200
------------------------------
--- RESPONSE FOR /api/route-analysis/ ---
Status: 200
------------------------------

--- REQUEST AT /api/route-analysis/ ---
Body: {"source":"Bangalore","destination":"Chennai","via":""}
------------------------------

--- REQUEST AT /api/route-analysis/ ---
Body: {"source":"Bangalore","destination":"Chennai","via":""}
------------------------------
--- RESPONSE FOR /api/route-analysis/ ---
Status: 200
------------------------------

--- REQUEST AT /api/route-analysis/ ---
Body: {"source":"Bangalore","destination":"Chennai","via":""}
------------------------------
--- RESPONSE FOR /api/route-analysis/ ---
Status: 200
------------------------------
--- RESPONSE FOR /api/route-analysis/ ---
Status: 200
------------------------------

--- REQUEST AT /api/route-analysis/ ---
Body: {"source":"Coimbatore","destination":"Chennai","via":""}
------------------------------

--- REQUEST AT /api/route-analysis/ ---
Body: {"source":"Coimbatore","destination":"Chennai","via":""}
------------------------------
--- RESPONSE FOR /api/route-analysis/ ---
Status: 200
------------------------------

--- REQUEST AT /api/route-analysis/ ---
Body: {"source":"Coimbatore","destination":"Chennai","via":""}
------------------------------
--- RESPONSE FOR /api/route-analysis/ ---
Status: 200
------------------------------
--- RESPONSE FOR /api/route-analysis/ ---
Status: 200
------------------------------

--- REQUEST AT /api/route-analysis/ ---
Body: {"source":"Chennai","destination":"Coimbatore","via":""}
------------------------------

--- REQUEST AT /api/route-analysis/ ---
Body: {"source":"Chennai","destination":"Coimbatore","via":""}
------------------------------
--- RESPONSE FOR /api/route-analysis/ ---
Status: 200
------------------------------

--- REQUEST AT /api/route-analysis/ ---
Body: {"source":"Chennai","destination":"Coimbatore","via":""}
------------------------------
--- RESPONSE FOR /api/route-analysis/ ---
Status: 200
------------------------------
--- RESPONSE FOR /api/route-analysis/ ---
Status: 200
------------------------------
<<<<<<< HEAD

--- REQUEST AT /api/route-analysis/ ---
Body: {"source":"Chennai","destination":"Coimbatore","via":""}
------------------------------

--- REQUEST AT /api/route-analysis/ ---
Body: {"source":"Chennai","destination":"Coimbatore","via":""}
------------------------------
--- RESPONSE FOR /api/route-analysis/ ---
Status: 200
------------------------------

--- REQUEST AT /api/route-analysis/ ---
Body: {"source":"Chennai","destination":"Coimbatore","via":""}
------------------------------
--- RESPONSE FOR /api/route-analysis/ ---
Status: 200
------------------------------
--- RESPONSE FOR /api/route-analysis/ ---
Status: 200
------------------------------

--- REQUEST AT /api/route-analysis/ ---
Body: {"source":"Coimbatore","destination":"Chennai","via":""}
------------------------------

--- REQUEST AT /api/route-analysis/ ---
Body: {"source":"Coimbatore","destination":"Chennai","via":""}
------------------------------
--- RESPONSE FOR /api/route-analysis/ ---
Status: 200
------------------------------

--- REQUEST AT /api/route-analysis/ ---
Body: {"source":"Coimbatore","destination":"Chennai","via":""}
------------------------------
--- RESPONSE FOR /api/route-analysis/ ---
Status: 200
------------------------------
--- RESPONSE FOR /api/route-analysis/ ---
Status: 200
------------------------------
=======
>>>>>>> 9f4b0905da33b4c39105019c079340568d41c1f1
>>>>>>> c05d4380a55b67810b0eb2fab0b2adf92c3746e8

--- REQUEST AT /api/route-analysis/ ---
Body: {"source":"Chennai","destination":"Coimbatore","via":""}
------------------------------

--- REQUEST AT /api/route-analysis/ ---
Body: {"source":"Chennai","destination":"Coimbatore","via":""}
------------------------------
--- RESPONSE FOR /api/route-analysis/ ---
Status: 200
------------------------------

--- REQUEST AT /api/route-analysis/ ---
Body: {"source":"Chennai","destination":"Coimbatore","via":""}
------------------------------
--- RESPONSE FOR /api/route-analysis/ ---
Status: 200
------------------------------
--- RESPONSE FOR /api/route-analysis/ ---
Status: 200
------------------------------

--- REQUEST AT /api/route-analysis/ ---
Body: {"source":"Coimbatore","destination":"Chennai","via":""}
------------------------------

--- REQUEST AT /api/route-analysis/ ---
Body: {"source":"Coimbatore","destination":"Chennai","via":""}
------------------------------
--- RESPONSE FOR /api/route-analysis/ ---
Status: 200
------------------------------

--- REQUEST AT /api/route-analysis/ ---
Body: {"source":"Coimbatore","destination":"Chennai","via":""}
------------------------------
--- RESPONSE FOR /api/route-analysis/ ---
Status: 200
------------------------------
--- RESPONSE FOR /api/route-analysis/ ---
Status: 200
------------------------------

--- REQUEST AT /api/route-analysis/ ---
Body: {"source":"Coimbatore","destination":"Chennai","via":""}
------------------------------

--- REQUEST AT /api/route-analysis/ ---
Body: {"source":"Coimbatore","destination":"Chennai","via":""}
------------------------------
--- RESPONSE FOR /api/route-analysis/ ---
Status: 200
------------------------------

--- REQUEST AT /api/route-analysis/ ---
Body: {"source":"Coimbatore","destination":"Chennai","via":""}
------------------------------
--- RESPONSE FOR /api/route-analysis/ ---
Status: 200
------------------------------
--- RESPONSE FOR /api/route-analysis/ ---
Status: 200
------------------------------

--- REQUEST AT /api/route-analysis/ ---
Body: {"source":"Mumbai","destination":"Pune","via":""}
------------------------------

--- REQUEST AT /api/route-analysis/ ---
Body: {"source":"Mumbai","destination":"Pune","via":""}
------------------------------
--- RESPONSE FOR /api/route-analysis/ ---
Status: 200
------------------------------

--- REQUEST AT /api/route-analysis/ ---
Body: {"source":"Mumbai","destination":"Pune","via":""}
------------------------------
--- RESPONSE FOR /api/route-analysis/ ---
Status: 200
------------------------------
--- RESPONSE FOR /api/route-analysis/ ---
Status: 200
------------------------------

--- REQUEST AT /api/route-analysis/ ---
Body: {"source":"Mumbai","destination":"Pune","via":""}
------------------------------

--- REQUEST AT /api/route-analysis/ ---
Body: {"source":"Mumbai","destination":"Pune","via":""}
------------------------------
--- RESPONSE FOR /api/route-analysis/ ---
Status: 200
------------------------------
--- RESPONSE FOR /api/route-analysis/ ---
Status: 200
------------------------------

--- REQUEST AT /api/route-analysis/ ---
Body: {"source":"Mumbai","destination":"Pune","via":""}
------------------------------
--- RESPONSE FOR /api/route-analysis/ ---
Status: 200
------------------------------

--- REQUEST AT /api/route-analysis/ ---
Body: {"source":"Coimbatore","destination":"Chennai","via":""}
------------------------------

--- REQUEST AT /api/route-analysis/ ---
Body: {"source":"Coimbatore","destination":"Chennai","via":""}
------------------------------
--- RESPONSE FOR /api/route-analysis/ ---
Status: 200
------------------------------

--- REQUEST AT /api/route-analysis/ ---
Body: {"source":"Coimbatore","destination":"Chennai","via":""}
------------------------------
--- RESPONSE FOR /api/route-analysis/ ---
Status: 200
------------------------------
--- RESPONSE FOR /api/route-analysis/ ---
Status: 200
------------------------------

--- REQUEST AT /api/route-analysis/ ---
Body: {"source":"tiruppur","destination":"selam","via":""}
------------------------------

--- REQUEST AT /api/route-analysis/ ---
Body: {"source":"tiruppur","destination":"selam","via":""}
------------------------------
--- RESPONSE FOR /api/route-analysis/ ---
Status: 200
------------------------------

--- REQUEST AT /api/route-analysis/ ---
Body: {"source":"tiruppur","destination":"selam","via":""}
------------------------------
--- RESPONSE FOR /api/route-analysis/ ---
Status: 200
------------------------------
--- RESPONSE FOR /api/route-analysis/ ---
Status: 200
------------------------------

--- REQUEST AT /api/route-analysis/ ---
Body: {"source":"Coimbatore","destination":"Chennai","via":""}
------------------------------

--- REQUEST AT /api/route-analysis/ ---
Body: {"source":"Coimbatore","destination":"Chennai","via":""}
------------------------------
--- RESPONSE FOR /api/route-analysis/ ---
Status: 200
------------------------------

--- REQUEST AT /api/route-analysis/ ---
Body: {"source":"Coimbatore","destination":"Chennai","via":""}
------------------------------
--- RESPONSE FOR /api/route-analysis/ ---
Status: 200
------------------------------
--- RESPONSE FOR /api/route-analysis/ ---
Status: 200
------------------------------

--- REQUEST AT /api/route-analysis/ ---
Body: {"source":"Coimbatore","destination":"Chennai","via":""}
------------------------------

--- REQUEST AT /api/route-analysis/ ---
Body: {"source":"Coimbatore","destination":"Chennai","via":""}
------------------------------
--- RESPONSE FOR /api/route-analysis/ ---
Status: 200
------------------------------

--- REQUEST AT /api/route-analysis/ ---
Body: {"source":"Coimbatore","destination":"Chennai","via":""}
------------------------------
--- RESPONSE FOR /api/route-analysis/ ---
Status: 200
------------------------------
--- RESPONSE FOR /api/route-analysis/ ---
Status: 200
------------------------------

--- REQUEST AT /api/route-analysis/ ---
Body: {"source":"Bangalore","destination":"Chennai","via":""}
------------------------------

--- REQUEST AT /api/route-analysis/ ---
Body: {"source":"Bangalore","destination":"Chennai","via":""}
------------------------------
--- RESPONSE FOR /api/route-analysis/ ---
Status: 200
------------------------------

--- REQUEST AT /api/route-analysis/ ---
Body: {"source":"Bangalore","destination":"Chennai","via":""}
------------------------------
--- RESPONSE FOR /api/route-analysis/ ---
Status: 200
------------------------------
--- RESPONSE FOR /api/route-analysis/ ---
Status: 200
------------------------------

--- REQUEST AT /api/route-analysis/ ---
Body: {"source":"Coimbatore","destination":"Chennai","via":""}
------------------------------

--- REQUEST AT /api/route-analysis/ ---
Body: {"source":"Coimbatore","destination":"Chennai","via":""}
------------------------------

--- REQUEST AT /api/route-analysis/ ---
Body: {"source":"Mumbai","destination":"Pune","via":""}
------------------------------

--- REQUEST AT /api/route-analysis/ ---
Body: {"source":"Mumbai","destination":"Pune","via":""}
------------------------------
--- RESPONSE FOR /api/route-analysis/ ---
Status: 200
------------------------------

--- REQUEST AT /api/route-analysis/ ---
Body: {"source":"Mumbai","destination":"Pune","via":""}
------------------------------
--- RESPONSE FOR /api/route-analysis/ ---
Status: 200
------------------------------
--- RESPONSE FOR /api/route-analysis/ ---
Status: 200
------------------------------
--- RESPONSE FOR /api/route-analysis/ ---
Status: 500
Content: {"status":"error","message":"Unable to fetch route analysis at the moment (request timed out)"}
------------------------------
--- RESPONSE FOR /api/route-analysis/ ---
Status: 500
Content: {"status":"error","message":"Unable to fetch route analysis at the moment (request timed out)"}
------------------------------

--- REQUEST AT /api/route-analysis/ ---
Body: {"source":"Coimbatore","destination":"Chennai","via":""}
------------------------------
--- RESPONSE FOR /api/route-analysis/ ---
Status: 200
------------------------------

--- REQUEST AT /api/route-analysis/ ---
Body: {"source":"Coimbatore","destination":"Chennai","via":""}
------------------------------

--- REQUEST AT /api/route-analysis/ ---
Body: {"source":"Coimbatore","destination":"Chennai","via":""}
------------------------------
--- RESPONSE FOR /api/route-analysis/ ---
Status: 200
------------------------------

--- REQUEST AT /api/route-analysis/ ---
Body: {"source":"Coimbatore","destination":"Chennai","via":""}
------------------------------
--- RESPONSE FOR /api/route-analysis/ ---
Status: 200
------------------------------
--- RESPONSE FOR /api/route-analysis/ ---
Status: 200
------------------------------

--- REQUEST AT /api/route-analysis/ ---
Body: {"source":"Coimbatore","destination":"Chennai","via":""}
------------------------------

--- REQUEST AT /api/route-analysis/ ---
Body: {"source":"Coimbatore","destination":"Chennai","via":""}
------------------------------
--- RESPONSE FOR /api/route-analysis/ ---
Status: 200
------------------------------

--- REQUEST AT /api/route-analysis/ ---
Body: {"source":"Coimbatore","destination":"Chennai","via":""}
------------------------------
--- RESPONSE FOR /api/route-analysis/ ---
Status: 200
------------------------------
--- RESPONSE FOR /api/route-analysis/ ---
Status: 200
------------------------------

--- REQUEST AT /api/route-analysis/ ---
Body: {"source":"Coimbatore","destination":"Chennai","via":""}
------------------------------

--- REQUEST AT /api/route-analysis/ ---
Body: {"source":"Coimbatore","destination":"Chennai","via":""}
------------------------------
--- RESPONSE FOR /api/route-analysis/ ---
Status: 200
------------------------------

--- REQUEST AT /api/route-analysis/ ---
Body: {"source":"Coimbatore","destination":"Chennai","via":""}
------------------------------
--- RESPONSE FOR /api/route-analysis/ ---
Status: 200
------------------------------
--- RESPONSE FOR /api/route-analysis/ ---
Status: 200
------------------------------

--- REQUEST AT /api/route-analysis/ ---
Body: {"source":"Coimbatore","destination":"Chennai","via":""}
------------------------------

--- REQUEST AT /api/route-analysis/ ---
Body: {"source":"Coimbatore","destination":"Chennai","via":""}
------------------------------
--- RESPONSE FOR /api/route-analysis/ ---
Status: 200
------------------------------

--- REQUEST AT /api/route-analysis/ ---
Body: {"source":"Coimbatore","destination":"Chennai","via":""}
------------------------------
--- RESPONSE FOR /api/route-analysis/ ---
Status: 200
------------------------------
--- RESPONSE FOR /api/route-analysis/ ---
Status: 200
------------------------------

--- REQUEST AT /api/route-analysis/ ---
Body: {"source":"Coimbatore","destination":"Chennai","via":""}
------------------------------

--- REQUEST AT /api/route-analysis/ ---
Body: {"source":"Coimbatore","destination":"Chennai","via":""}
------------------------------
--- RESPONSE FOR /api/route-analysis/ ---
Status: 200
------------------------------

--- REQUEST AT /api/route-analysis/ ---
Body: {"source":"Coimbatore","destination":"Chennai","via":""}
------------------------------
--- RESPONSE FOR /api/route-analysis/ ---
Status: 200
------------------------------
--- RESPONSE FOR /api/route-analysis/ ---
Status: 200
------------------------------
